  [1m[36m (1.2ms)[0m  [1mCREATE TABLE "schema_migrations" ("version" varchar NOT NULL) [0m
  [1m[35m (0.0ms)[0m  select sqlite_version(*)
  [1m[36m (1.0ms)[0m  [1mCREATE UNIQUE INDEX "unique_schema_migrations" ON "schema_migrations" ("version")[0m
  [1m[35mActiveRecord::SchemaMigration Load (0.1ms)[0m  SELECT "schema_migrations".* FROM "schema_migrations"
  [1m[36mActiveRecord::SchemaMigration Load (0.1ms)[0m  [1mSELECT "schema_migrations".* FROM "schema_migrations"[0m
Migrating to CreatePosts (20151230232412)
  [1m[35m (0.1ms)[0m  begin transaction
  [1m[36m (0.4ms)[0m  [1mCREATE TABLE "posts" ("id" INTEGER PRIMARY KEY AUTOINCREMENT NOT NULL, "title" varchar, "description" text, "created_at" datetime NOT NULL, "updated_at" datetime NOT NULL) [0m
  [1m[35mSQL (0.2ms)[0m  INSERT INTO "schema_migrations" ("version") VALUES (?)  [["version", "20151230232412"]]
  [1m[36m (1.3ms)[0m  [1mcommit transaction[0m
  [1m[35mActiveRecord::SchemaMigration Load (0.1ms)[0m  SELECT "schema_migrations".* FROM "schema_migrations"
  [1m[36mActiveRecord::SchemaMigration Load (0.1ms)[0m  [1mSELECT "schema_migrations".* FROM "schema_migrations"[0m
  [1m[35mActiveRecord::SchemaMigration Load (0.1ms)[0m  SELECT "schema_migrations".* FROM "schema_migrations"
  [1m[36mActiveRecord::SchemaMigration Load (0.1ms)[0m  [1mSELECT "schema_migrations".* FROM "schema_migrations"[0m
  [1m[36mActiveRecord::SchemaMigration Load (0.1ms)[0m  [1mSELECT "schema_migrations".* FROM "schema_migrations"[0m
  [1m[35mActiveRecord::SchemaMigration Load (0.1ms)[0m  SELECT "schema_migrations".* FROM "schema_migrations"
  [1m[36mActiveRecord::SchemaMigration Load (0.1ms)[0m  [1mSELECT "schema_migrations".* FROM "schema_migrations"[0m
  [1m[35mActiveRecord::SchemaMigration Load (0.1ms)[0m  SELECT "schema_migrations".* FROM "schema_migrations"
  [1m[36mActiveRecord::SchemaMigration Load (0.1ms)[0m  [1mSELECT "schema_migrations".* FROM "schema_migrations"[0m
  [1m[35mActiveRecord::SchemaMigration Load (0.1ms)[0m  SELECT "schema_migrations".* FROM "schema_migrations"


Started GET "/posts" for ::1 at 2018-10-11 16:13:21 -0400

ActiveRecord::PendingMigrationError (

Migrations are pending. To resolve this issue, run:

	bin/rake db:migrate RAILS_ENV=development

):
  vendor/bundle/gems/activerecord-4.2.10/lib/active_record/migration.rb:392:in `check_pending!'
  vendor/bundle/gems/activerecord-4.2.10/lib/active_record/migration.rb:373:in `call'
  vendor/bundle/gems/actionpack-4.2.10/lib/action_dispatch/middleware/callbacks.rb:29:in `block in call'
  vendor/bundle/gems/activesupport-4.2.10/lib/active_support/callbacks.rb:88:in `__run_callbacks__'
  vendor/bundle/gems/activesupport-4.2.10/lib/active_support/callbacks.rb:778:in `_run_call_callbacks'
  vendor/bundle/gems/activesupport-4.2.10/lib/active_support/callbacks.rb:81:in `run_callbacks'
  vendor/bundle/gems/actionpack-4.2.10/lib/action_dispatch/middleware/callbacks.rb:27:in `call'
  vendor/bundle/gems/actionpack-4.2.10/lib/action_dispatch/middleware/reloader.rb:73:in `call'
  vendor/bundle/gems/actionpack-4.2.10/lib/action_dispatch/middleware/remote_ip.rb:78:in `call'
  vendor/bundle/gems/actionpack-4.2.10/lib/action_dispatch/middleware/debug_exceptions.rb:17:in `call'
  vendor/bundle/gems/actionpack-4.2.10/lib/action_dispatch/middleware/show_exceptions.rb:30:in `call'
  vendor/bundle/gems/railties-4.2.10/lib/rails/rack/logger.rb:38:in `call_app'
  vendor/bundle/gems/railties-4.2.10/lib/rails/rack/logger.rb:20:in `block in call'
  vendor/bundle/gems/activesupport-4.2.10/lib/active_support/tagged_logging.rb:68:in `block in tagged'
  vendor/bundle/gems/activesupport-4.2.10/lib/active_support/tagged_logging.rb:26:in `tagged'
  vendor/bundle/gems/activesupport-4.2.10/lib/active_support/tagged_logging.rb:68:in `tagged'
  vendor/bundle/gems/railties-4.2.10/lib/rails/rack/logger.rb:20:in `call'
  vendor/bundle/gems/actionpack-4.2.10/lib/action_dispatch/middleware/request_id.rb:21:in `call'
  vendor/bundle/gems/rack-1.6.10/lib/rack/methodoverride.rb:22:in `call'
  vendor/bundle/gems/rack-1.6.10/lib/rack/runtime.rb:18:in `call'
  vendor/bundle/gems/activesupport-4.2.10/lib/active_support/cache/strategy/local_cache_middleware.rb:28:in `call'
  vendor/bundle/gems/rack-1.6.10/lib/rack/lock.rb:17:in `call'
  vendor/bundle/gems/actionpack-4.2.10/lib/action_dispatch/middleware/static.rb:120:in `call'
  vendor/bundle/gems/rack-1.6.10/lib/rack/sendfile.rb:113:in `call'
  vendor/bundle/gems/railties-4.2.10/lib/rails/engine.rb:518:in `call'
  vendor/bundle/gems/railties-4.2.10/lib/rails/application.rb:165:in `call'
  vendor/bundle/gems/rack-1.6.10/lib/rack/lock.rb:17:in `call'
  vendor/bundle/gems/rack-1.6.10/lib/rack/content_length.rb:15:in `call'
  vendor/bundle/gems/rack-1.6.10/lib/rack/handler/webrick.rb:88:in `service'
  /Users/Wendy/.rvm/rubies/ruby-2.3.3/lib/ruby/2.3.0/webrick/httpserver.rb:140:in `service'
  /Users/Wendy/.rvm/rubies/ruby-2.3.3/lib/ruby/2.3.0/webrick/httpserver.rb:96:in `run'
  /Users/Wendy/.rvm/rubies/ruby-2.3.3/lib/ruby/2.3.0/webrick/server.rb:296:in `block in start_thread'


  Rendered vendor/bundle/gems/actionpack-4.2.10/lib/action_dispatch/middleware/templates/rescues/_source.erb (1.8ms)
  Rendered vendor/bundle/gems/actionpack-4.2.10/lib/action_dispatch/middleware/templates/rescues/_trace.html.erb (1.2ms)
  Rendered vendor/bundle/gems/actionpack-4.2.10/lib/action_dispatch/middleware/templates/rescues/_request_and_response.html.erb (0.8ms)
  Rendered vendor/bundle/gems/actionpack-4.2.10/lib/action_dispatch/middleware/templates/rescues/diagnostics.html.erb within rescues/layout (98.0ms)


Started GET "/posts/id" for ::1 at 2018-10-11 16:13:28 -0400

ActiveRecord::PendingMigrationError (

Migrations are pending. To resolve this issue, run:

	bin/rake db:migrate RAILS_ENV=development

):
  vendor/bundle/gems/activerecord-4.2.10/lib/active_record/migration.rb:392:in `check_pending!'
  vendor/bundle/gems/activerecord-4.2.10/lib/active_record/migration.rb:373:in `call'
  vendor/bundle/gems/actionpack-4.2.10/lib/action_dispatch/middleware/callbacks.rb:29:in `block in call'
  vendor/bundle/gems/activesupport-4.2.10/lib/active_support/callbacks.rb:88:in `__run_callbacks__'
  vendor/bundle/gems/activesupport-4.2.10/lib/active_support/callbacks.rb:778:in `_run_call_callbacks'
  vendor/bundle/gems/activesupport-4.2.10/lib/active_support/callbacks.rb:81:in `run_callbacks'
  vendor/bundle/gems/actionpack-4.2.10/lib/action_dispatch/middleware/callbacks.rb:27:in `call'
  vendor/bundle/gems/actionpack-4.2.10/lib/action_dispatch/middleware/reloader.rb:73:in `call'
  vendor/bundle/gems/actionpack-4.2.10/lib/action_dispatch/middleware/remote_ip.rb:78:in `call'
  vendor/bundle/gems/actionpack-4.2.10/lib/action_dispatch/middleware/debug_exceptions.rb:17:in `call'
  vendor/bundle/gems/actionpack-4.2.10/lib/action_dispatch/middleware/show_exceptions.rb:30:in `call'
  vendor/bundle/gems/railties-4.2.10/lib/rails/rack/logger.rb:38:in `call_app'
  vendor/bundle/gems/railties-4.2.10/lib/rails/rack/logger.rb:20:in `block in call'
  vendor/bundle/gems/activesupport-4.2.10/lib/active_support/tagged_logging.rb:68:in `block in tagged'
  vendor/bundle/gems/activesupport-4.2.10/lib/active_support/tagged_logging.rb:26:in `tagged'
  vendor/bundle/gems/activesupport-4.2.10/lib/active_support/tagged_logging.rb:68:in `tagged'
  vendor/bundle/gems/railties-4.2.10/lib/rails/rack/logger.rb:20:in `call'
  vendor/bundle/gems/actionpack-4.2.10/lib/action_dispatch/middleware/request_id.rb:21:in `call'
  vendor/bundle/gems/rack-1.6.10/lib/rack/methodoverride.rb:22:in `call'
  vendor/bundle/gems/rack-1.6.10/lib/rack/runtime.rb:18:in `call'
  vendor/bundle/gems/activesupport-4.2.10/lib/active_support/cache/strategy/local_cache_middleware.rb:28:in `call'
  vendor/bundle/gems/rack-1.6.10/lib/rack/lock.rb:17:in `call'
  vendor/bundle/gems/actionpack-4.2.10/lib/action_dispatch/middleware/static.rb:120:in `call'
  vendor/bundle/gems/rack-1.6.10/lib/rack/sendfile.rb:113:in `call'
  vendor/bundle/gems/railties-4.2.10/lib/rails/engine.rb:518:in `call'
  vendor/bundle/gems/railties-4.2.10/lib/rails/application.rb:165:in `call'
  vendor/bundle/gems/rack-1.6.10/lib/rack/lock.rb:17:in `call'
  vendor/bundle/gems/rack-1.6.10/lib/rack/content_length.rb:15:in `call'
  vendor/bundle/gems/rack-1.6.10/lib/rack/handler/webrick.rb:88:in `service'
  /Users/Wendy/.rvm/rubies/ruby-2.3.3/lib/ruby/2.3.0/webrick/httpserver.rb:140:in `service'
  /Users/Wendy/.rvm/rubies/ruby-2.3.3/lib/ruby/2.3.0/webrick/httpserver.rb:96:in `run'
  /Users/Wendy/.rvm/rubies/ruby-2.3.3/lib/ruby/2.3.0/webrick/server.rb:296:in `block in start_thread'


  Rendered vendor/bundle/gems/actionpack-4.2.10/lib/action_dispatch/middleware/templates/rescues/_source.erb (2.6ms)
  Rendered vendor/bundle/gems/actionpack-4.2.10/lib/action_dispatch/middleware/templates/rescues/_trace.html.erb (1.1ms)
  Rendered vendor/bundle/gems/actionpack-4.2.10/lib/action_dispatch/middleware/templates/rescues/_request_and_response.html.erb (0.7ms)
  Rendered vendor/bundle/gems/actionpack-4.2.10/lib/action_dispatch/middleware/templates/rescues/diagnostics.html.erb within rescues/layout (95.1ms)


Started GET "/posts/1" for ::1 at 2018-10-11 16:13:42 -0400

ActiveRecord::PendingMigrationError (

Migrations are pending. To resolve this issue, run:

	bin/rake db:migrate RAILS_ENV=development

):
  vendor/bundle/gems/activerecord-4.2.10/lib/active_record/migration.rb:392:in `check_pending!'
  vendor/bundle/gems/activerecord-4.2.10/lib/active_record/migration.rb:373:in `call'
  vendor/bundle/gems/actionpack-4.2.10/lib/action_dispatch/middleware/callbacks.rb:29:in `block in call'
  vendor/bundle/gems/activesupport-4.2.10/lib/active_support/callbacks.rb:88:in `__run_callbacks__'
  vendor/bundle/gems/activesupport-4.2.10/lib/active_support/callbacks.rb:778:in `_run_call_callbacks'
  vendor/bundle/gems/activesupport-4.2.10/lib/active_support/callbacks.rb:81:in `run_callbacks'
  vendor/bundle/gems/actionpack-4.2.10/lib/action_dispatch/middleware/callbacks.rb:27:in `call'
  vendor/bundle/gems/actionpack-4.2.10/lib/action_dispatch/middleware/reloader.rb:73:in `call'
  vendor/bundle/gems/actionpack-4.2.10/lib/action_dispatch/middleware/remote_ip.rb:78:in `call'
  vendor/bundle/gems/actionpack-4.2.10/lib/action_dispatch/middleware/debug_exceptions.rb:17:in `call'
  vendor/bundle/gems/actionpack-4.2.10/lib/action_dispatch/middleware/show_exceptions.rb:30:in `call'
  vendor/bundle/gems/railties-4.2.10/lib/rails/rack/logger.rb:38:in `call_app'
  vendor/bundle/gems/railties-4.2.10/lib/rails/rack/logger.rb:20:in `block in call'
  vendor/bundle/gems/activesupport-4.2.10/lib/active_support/tagged_logging.rb:68:in `block in tagged'
  vendor/bundle/gems/activesupport-4.2.10/lib/active_support/tagged_logging.rb:26:in `tagged'
  vendor/bundle/gems/activesupport-4.2.10/lib/active_support/tagged_logging.rb:68:in `tagged'
  vendor/bundle/gems/railties-4.2.10/lib/rails/rack/logger.rb:20:in `call'
  vendor/bundle/gems/actionpack-4.2.10/lib/action_dispatch/middleware/request_id.rb:21:in `call'
  vendor/bundle/gems/rack-1.6.10/lib/rack/methodoverride.rb:22:in `call'
  vendor/bundle/gems/rack-1.6.10/lib/rack/runtime.rb:18:in `call'
  vendor/bundle/gems/activesupport-4.2.10/lib/active_support/cache/strategy/local_cache_middleware.rb:28:in `call'
  vendor/bundle/gems/rack-1.6.10/lib/rack/lock.rb:17:in `call'
  vendor/bundle/gems/actionpack-4.2.10/lib/action_dispatch/middleware/static.rb:120:in `call'
  vendor/bundle/gems/rack-1.6.10/lib/rack/sendfile.rb:113:in `call'
  vendor/bundle/gems/railties-4.2.10/lib/rails/engine.rb:518:in `call'
  vendor/bundle/gems/railties-4.2.10/lib/rails/application.rb:165:in `call'
  vendor/bundle/gems/rack-1.6.10/lib/rack/lock.rb:17:in `call'
  vendor/bundle/gems/rack-1.6.10/lib/rack/content_length.rb:15:in `call'
  vendor/bundle/gems/rack-1.6.10/lib/rack/handler/webrick.rb:88:in `service'
  /Users/Wendy/.rvm/rubies/ruby-2.3.3/lib/ruby/2.3.0/webrick/httpserver.rb:140:in `service'
  /Users/Wendy/.rvm/rubies/ruby-2.3.3/lib/ruby/2.3.0/webrick/httpserver.rb:96:in `run'
  /Users/Wendy/.rvm/rubies/ruby-2.3.3/lib/ruby/2.3.0/webrick/server.rb:296:in `block in start_thread'


  Rendered vendor/bundle/gems/actionpack-4.2.10/lib/action_dispatch/middleware/templates/rescues/_source.erb (1.9ms)
  Rendered vendor/bundle/gems/actionpack-4.2.10/lib/action_dispatch/middleware/templates/rescues/_trace.html.erb (1.2ms)
  Rendered vendor/bundle/gems/actionpack-4.2.10/lib/action_dispatch/middleware/templates/rescues/_request_and_response.html.erb (0.9ms)
  Rendered vendor/bundle/gems/actionpack-4.2.10/lib/action_dispatch/middleware/templates/rescues/diagnostics.html.erb within rescues/layout (92.3ms)
  [1m[36m (3.0ms)[0m  [1mCREATE TABLE "schema_migrations" ("version" varchar NOT NULL) [0m
  [1m[35m (0.1ms)[0m  select sqlite_version(*)
  [1m[36m (1.4ms)[0m  [1mCREATE UNIQUE INDEX "unique_schema_migrations" ON "schema_migrations" ("version")[0m
  [1m[35mActiveRecord::SchemaMigration Load (0.1ms)[0m  SELECT "schema_migrations".* FROM "schema_migrations"
Migrating to CreatePosts (20151230232412)
  [1m[36m (0.1ms)[0m  [1mbegin transaction[0m
  [1m[35m (0.4ms)[0m  CREATE TABLE "posts" ("id" INTEGER PRIMARY KEY AUTOINCREMENT NOT NULL, "title" varchar, "description" text, "created_at" datetime NOT NULL, "updated_at" datetime NOT NULL) 
  [1m[36mSQL (0.2ms)[0m  [1mINSERT INTO "schema_migrations" ("version") VALUES (?)[0m  [["version", "20151230232412"]]
  [1m[35m (1.0ms)[0m  commit transaction
  [1m[36mActiveRecord::SchemaMigration Load (0.1ms)[0m  [1mSELECT "schema_migrations".* FROM "schema_migrations"[0m


Started GET "/posts/1" for ::1 at 2018-10-11 16:15:24 -0400
  [1m[36mActiveRecord::SchemaMigration Load (0.1ms)[0m  [1mSELECT "schema_migrations".* FROM "schema_migrations"[0m
Processing by PostsController#show as HTML
  Parameters: {"id"=>"1"}
  Rendered posts/show.html.erb within layouts/application (3.2ms)
Completed 200 OK in 460ms (Views: 448.9ms | ActiveRecord: 0.0ms)
